<?xml version="1.0" encoding="UTF-8"?>
<!-- Generated by org.testng.reporters.JUnitXMLReporter -->
<testsuite ignored="0" hostname="DESKTOP-1AO5130" failures="1" tests="2" name="Validating title on the page" time="12.295" errors="0" timestamp="2021-02-28T18:12:59 EST">
  <testcase classname="academy.E2EProject.ValidateTitle" name="validateHeader" time="0.07"/>
  <testcase classname="academy.E2EProject.ValidateTitle" name="validateTitleOnHomePage" time="0.048">
    <failure type="java.lang.AssertionError" message="expected [FEATURED COURSES123] but found [FEATURED COURSES]">
      <![CDATA[java.lang.AssertionError: expected [FEATURED COURSES123] but found [FEATURED COURSES]
at academy.E2EProject.ValidateTitle.validateTitleOnHomePage(ValidateTitle.java:36)
at java.base/java.util.ArrayList.forEach(ArrayList.java:1511)
at java.base/java.util.concurrent.FutureTask.run(FutureTask.java:264)
at java.base/java.util.concurrent.ThreadPoolExecutor.runWorker(ThreadPoolExecutor.java:1130)
at java.base/java.util.concurrent.ThreadPoolExecutor$Worker.run(ThreadPoolExecutor.java:630)
at java.base/java.lang.Thread.run(Thread.java:832)
... Removed 24 stack frames]]>
    </failure>
  </testcase> <!-- validateTitleOnHomePage -->
</testsuite> <!-- Validating title on the page -->
