<?xml version="1.0" encoding="UTF-8"?>
<testng-results ignored="0" total="5" passed="4" failed="1" skipped="0">
  <reporter-output>
  </reporter-output>
  <suite started-at="2021-02-28T18:12:46 EST" name="Suite" finished-at="2021-02-28T18:13:11 EST" duration-ms="24523">
    <groups>
    </groups>
    <test started-at="2021-02-28T18:12:46 EST" name="Validating title on the page" finished-at="2021-02-28T18:12:59 EST" duration-ms="12295">
      <class name="academy.E2EProject.ValidateTitle">
        <test-method is-config="true" signature="initilize()[pri:0, instance:academy.E2EProject.ValidateTitle@9ed238c]" started-at="2021-02-28T18:12:46 EST" name="initilize" finished-at="2021-02-28T18:12:57 EST" duration-ms="10684" status="PASS">
          <reporter-output>
          </reporter-output>
        </test-method> <!-- initilize -->
        <test-method signature="validateHeader()[pri:0, instance:academy.E2EProject.ValidateTitle@9ed238c]" started-at="2021-02-28T18:12:57 EST" name="validateHeader" finished-at="2021-02-28T18:12:57 EST" duration-ms="70" status="PASS">
          <reporter-output>
          </reporter-output>
        </test-method> <!-- validateHeader -->
        <test-method signature="validateTitleOnHomePage()[pri:0, instance:academy.E2EProject.ValidateTitle@9ed238c]" started-at="2021-02-28T18:12:57 EST" name="validateTitleOnHomePage" finished-at="2021-02-28T18:12:57 EST" duration-ms="48" status="FAIL">
          <exception class="java.lang.AssertionError">
            <message>
              <![CDATA[expected [FEATURED COURSES123] but found [FEATURED COURSES]]]>
            </message>
            <full-stacktrace>
              <![CDATA[java.lang.AssertionError: expected [FEATURED COURSES123] but found [FEATURED COURSES]
at org.testng.Assert.fail(Assert.java:99)
at org.testng.Assert.failNotEquals(Assert.java:1037)
at org.testng.Assert.assertEqualsImpl(Assert.java:140)
at org.testng.Assert.assertEquals(Assert.java:122)
at org.testng.Assert.assertEquals(Assert.java:629)
at org.testng.Assert.assertEquals(Assert.java:639)
at academy.E2EProject.ValidateTitle.validateTitleOnHomePage(ValidateTitle.java:36)
at java.base/jdk.internal.reflect.NativeMethodAccessorImpl.invoke0(Native Method)
at java.base/jdk.internal.reflect.NativeMethodAccessorImpl.invoke(NativeMethodAccessorImpl.java:64)
at java.base/jdk.internal.reflect.DelegatingMethodAccessorImpl.invoke(DelegatingMethodAccessorImpl.java:43)
at java.base/java.lang.reflect.Method.invoke(Method.java:564)
at org.testng.internal.MethodInvocationHelper.invokeMethod(MethodInvocationHelper.java:132)
at org.testng.internal.TestInvoker.invokeMethod(TestInvoker.java:599)
at org.testng.internal.TestInvoker.invokeTestMethod(TestInvoker.java:174)
at org.testng.internal.MethodRunner.runInSequence(MethodRunner.java:46)
at org.testng.internal.TestInvoker$MethodInvocationAgent.invoke(TestInvoker.java:822)
at org.testng.internal.TestInvoker.invokeTestMethods(TestInvoker.java:147)
at org.testng.internal.TestMethodWorker.invokeTestMethods(TestMethodWorker.java:146)
at org.testng.internal.TestMethodWorker.run(TestMethodWorker.java:128)
at java.base/java.util.ArrayList.forEach(ArrayList.java:1511)
at org.testng.TestRunner.privateRun(TestRunner.java:764)
at org.testng.TestRunner.run(TestRunner.java:585)
at org.testng.SuiteRunner.runTest(SuiteRunner.java:384)
at org.testng.SuiteRunner.access$000(SuiteRunner.java:28)
at org.testng.SuiteRunner$SuiteWorker.run(SuiteRunner.java:425)
at org.testng.internal.thread.ThreadUtil.lambda$execute$0(ThreadUtil.java:66)
at java.base/java.util.concurrent.FutureTask.run(FutureTask.java:264)
at java.base/java.util.concurrent.ThreadPoolExecutor.runWorker(ThreadPoolExecutor.java:1130)
at java.base/java.util.concurrent.ThreadPoolExecutor$Worker.run(ThreadPoolExecutor.java:630)
at java.base/java.lang.Thread.run(Thread.java:832)
]]>
            </full-stacktrace>
          </exception> <!-- java.lang.AssertionError -->
          <reporter-output>
          </reporter-output>
        </test-method> <!-- validateTitleOnHomePage -->
        <test-method is-config="true" signature="exitFromBrowser()[pri:0, instance:academy.E2EProject.ValidateTitle@9ed238c]" started-at="2021-02-28T18:12:58 EST" name="exitFromBrowser" finished-at="2021-02-28T18:12:59 EST" duration-ms="106" status="PASS">
          <reporter-output>
          </reporter-output>
        </test-method> <!-- exitFromBrowser -->
      </class> <!-- academy.E2EProject.ValidateTitle -->
    </test> <!-- Validating title on the page -->
    <test started-at="2021-02-28T18:12:46 EST" name="Validating of navigator bar" finished-at="2021-02-28T18:13:01 EST" duration-ms="14516">
      <class name="academy.E2EProject.ValidateNavigationBar">
        <test-method is-config="true" signature="initilize()[pri:0, instance:academy.E2EProject.ValidateNavigationBar@58bf8650]" started-at="2021-02-28T18:12:46 EST" name="initilize" finished-at="2021-02-28T18:12:58 EST" duration-ms="11847" status="PASS">
          <reporter-output>
          </reporter-output>
        </test-method> <!-- initilize -->
        <test-method signature="validateBarNavigation()[pri:0, instance:academy.E2EProject.ValidateNavigationBar@58bf8650]" started-at="2021-02-28T18:12:58 EST" name="validateBarNavigation" finished-at="2021-02-28T18:13:01 EST" duration-ms="2525" status="PASS">
          <reporter-output>
          </reporter-output>
        </test-method> <!-- validateBarNavigation -->
        <test-method is-config="true" signature="exitFromBrowser()[pri:0, instance:academy.E2EProject.ValidateNavigationBar@58bf8650]" started-at="2021-02-28T18:13:01 EST" name="exitFromBrowser" finished-at="2021-02-28T18:13:01 EST" duration-ms="136" status="PASS">
          <reporter-output>
          </reporter-output>
        </test-method> <!-- exitFromBrowser -->
      </class> <!-- academy.E2EProject.ValidateNavigationBar -->
    </test> <!-- Validating of navigator bar -->
    <test started-at="2021-02-28T18:12:46 EST" name="Validating user login" finished-at="2021-02-28T18:13:11 EST" duration-ms="24523">
      <class name="academy.E2EProject.HomePage">
        <test-method is-config="true" signature="initilize()[pri:0, instance:academy.E2EProject.HomePage@4275c20c]" started-at="2021-02-28T18:12:46 EST" name="initilize" finished-at="2021-02-28T18:12:53 EST" duration-ms="6271" status="PASS">
          <reporter-output>
          </reporter-output>
        </test-method> <!-- initilize -->
        <test-method signature="basePageNavigation(java.lang.String, java.lang.String, java.lang.String)[pri:0, instance:academy.E2EProject.HomePage@4275c20c]" started-at="2021-02-28T18:12:53 EST" name="basePageNavigation" data-provider="getData" finished-at="2021-02-28T18:13:04 EST" duration-ms="11064" status="PASS">
          <params>
            <param index="0">
              <value>
                <![CDATA[nondestricteduser@rw.com]]>
              </value>
            </param>
            <param index="1">
              <value>
                <![CDATA[123456]]>
              </value>
            </param>
            <param index="2">
              <value>
                <![CDATA[Nonrestricted user]]>
              </value>
            </param>
          </params>
          <reporter-output>
          </reporter-output>
        </test-method> <!-- basePageNavigation -->
        <test-method signature="basePageNavigation(java.lang.String, java.lang.String, java.lang.String)[pri:0, instance:academy.E2EProject.HomePage@4275c20c]" started-at="2021-02-28T18:13:04 EST" name="basePageNavigation" data-provider="getData" finished-at="2021-02-28T18:13:11 EST" duration-ms="7077" status="PASS">
          <params>
            <param index="0">
              <value>
                <![CDATA[destricteduser@rw.com]]>
              </value>
            </param>
            <param index="1">
              <value>
                <![CDATA[654321]]>
              </value>
            </param>
            <param index="2">
              <value>
                <![CDATA[Restricted user]]>
              </value>
            </param>
          </params>
          <reporter-output>
          </reporter-output>
        </test-method> <!-- basePageNavigation -->
        <test-method is-config="true" signature="exitFromBrowser()[pri:0, instance:academy.E2EProject.HomePage@4275c20c]" started-at="2021-02-28T18:13:11 EST" name="exitFromBrowser" finished-at="2021-02-28T18:13:11 EST" duration-ms="65" status="PASS">
          <reporter-output>
          </reporter-output>
        </test-method> <!-- exitFromBrowser -->
      </class> <!-- academy.E2EProject.HomePage -->
    </test> <!-- Validating user login -->
  </suite> <!-- Suite -->
</testng-results>
